<?xml version="1.0" encoding="UTF-8"?>
<!-- Generated by org.testng.reporters.JUnitXMLReporter -->
<testsuite ignored="0" hostname="LAPTOP-L2UM9ODI" failures="0" tests="3" name="Search Test" time="57.572" errors="0" timestamp="2025-10-25T15:41:35 IST">
  <testcase classname="ui.UISpeedTest" name="verifyPrivacyButton" time="1.833"/>
  <testcase classname="ui.UISpeedTest" name="verifyInternetSpeed" time="0.133"/>
  <testcase classname="ui.UISpeedTest" name="verifySpeedTest" time="43.01"/>
</testsuite> <!-- Search Test -->
