<?xml version="1.0" encoding="UTF-8"?>
<!-- Generated by org.testng.reporters.JUnitXMLReporter -->
<testsuite ignored="0" hostname="LAPTOP-L2UM9ODI" failures="0" tests="3" name="Search Test" time="71.933" errors="0" timestamp="2025-10-28T16:08:26 IST">
  <testcase classname="ui.UISpeedTest" name="verifyPrivacyButton" time="0.179"/>
  <testcase classname="ui.UISpeedTest" name="verifyInternetSpeed" time="0.519"/>
  <testcase classname="ui.UISpeedTest" name="verifySpeedTest" time="57.045"/>
</testsuite> <!-- Search Test -->
