<?xml version="1.0" encoding="UTF-8"?>
<testng-results ignored="0" total="3" passed="3" failed="0" skipped="0">
  <reporter-output>
  </reporter-output>
  <suite started-at="2025-10-31T12:53:24 IST" name="Ookla SpeedTest suite" finished-at="2025-10-31T12:54:28 IST" duration-ms="63508">
    <groups>
    </groups>
    <test started-at="2025-10-31T12:53:24 IST" name="Speed Test" finished-at="2025-10-31T12:54:28 IST" duration-ms="63508">
      <class name="ui.UISpeedTest">
        <test-method is-config="true" signature="setup()[pri:0, instance:ui.UISpeedTest@3ecd267f]" started-at="2025-10-31T12:53:24 IST" name="setup" finished-at="2025-10-31T12:53:42 IST" duration-ms="17773" status="PASS">
          <reporter-output>
          </reporter-output>
        </test-method> <!-- setup -->
        <test-method signature="verifyPrivacyButton()[pri:0, instance:ui.UISpeedTest@3ecd267f]" started-at="2025-10-31T12:53:42 IST" name="verifyPrivacyButton" finished-at="2025-10-31T12:53:45 IST" duration-ms="3088" status="PASS">
          <reporter-output>
          </reporter-output>
        </test-method> <!-- verifyPrivacyButton -->
        <test-method signature="verifyInternetSpeed()[pri:1, instance:ui.UISpeedTest@3ecd267f]" started-at="2025-10-31T12:53:45 IST" name="verifyInternetSpeed" finished-at="2025-10-31T12:53:48 IST" depends-on-methods="ui.UISpeedTest.verifyPrivacyButton" duration-ms="2232" status="PASS">
          <reporter-output>
          </reporter-output>
        </test-method> <!-- verifyInternetSpeed -->
        <test-method signature="verifySpeedTest()[pri:2, instance:ui.UISpeedTest@3ecd267f]" started-at="2025-10-31T12:53:48 IST" name="verifySpeedTest" finished-at="2025-10-31T12:54:27 IST" duration-ms="39256" status="PASS">
          <reporter-output>
          </reporter-output>
        </test-method> <!-- verifySpeedTest -->
        <test-method is-config="true" signature="teardown()[pri:0, instance:ui.UISpeedTest@3ecd267f]" started-at="2025-10-31T12:54:27 IST" name="teardown" finished-at="2025-10-31T12:54:28 IST" duration-ms="671" status="PASS">
          <reporter-output>
          </reporter-output>
        </test-method> <!-- teardown -->
      </class> <!-- ui.UISpeedTest -->
    </test> <!-- Speed Test -->
  </suite> <!-- Ookla SpeedTest suite -->
</testng-results>
