<?xml version="1.0" encoding="UTF-8"?>
<testng-results ignored="0" total="3" passed="3" failed="0" skipped="0">
  <reporter-output>
  </reporter-output>
  <suite started-at="2025-10-25T16:19:07 IST" name="Default suite" finished-at="2025-10-25T16:19:58 IST" duration-ms="50667">
    <groups>
    </groups>
    <test started-at="2025-10-25T16:19:07 IST" name="Search Test" finished-at="2025-10-25T16:19:58 IST" duration-ms="50667">
      <class name="ui.UISpeedTest">
        <test-method is-config="true" signature="setup()[pri:0, instance:ui.UISpeedTest@31f9b85e]" started-at="2025-10-25T16:19:07 IST" name="setup" finished-at="2025-10-25T16:19:16 IST" duration-ms="8600" status="PASS">
          <reporter-output>
          </reporter-output>
        </test-method> <!-- setup -->
        <test-method signature="verifyPrivacyButton()[pri:0, instance:ui.UISpeedTest@31f9b85e]" started-at="2025-10-25T16:19:16 IST" name="verifyPrivacyButton" finished-at="2025-10-25T16:19:18 IST" duration-ms="2087" status="PASS">
          <reporter-output>
          </reporter-output>
        </test-method> <!-- verifyPrivacyButton -->
        <test-method signature="verifyInternetSpeed()[pri:1, instance:ui.UISpeedTest@31f9b85e]" started-at="2025-10-25T16:19:18 IST" name="verifyInternetSpeed" finished-at="2025-10-25T16:19:18 IST" depends-on-methods="ui.UISpeedTest.verifyPrivacyButton" duration-ms="218" status="PASS">
          <reporter-output>
          </reporter-output>
        </test-method> <!-- verifyInternetSpeed -->
        <test-method signature="verifySpeedTest()[pri:2, instance:ui.UISpeedTest@31f9b85e]" started-at="2025-10-25T16:19:18 IST" name="verifySpeedTest" finished-at="2025-10-25T16:19:57 IST" duration-ms="38994" status="PASS">
          <reporter-output>
          </reporter-output>
        </test-method> <!-- verifySpeedTest -->
        <test-method is-config="true" signature="teardown()[pri:0, instance:ui.UISpeedTest@31f9b85e]" started-at="2025-10-25T16:19:57 IST" name="teardown" finished-at="2025-10-25T16:19:58 IST" duration-ms="666" status="PASS">
          <reporter-output>
          </reporter-output>
        </test-method> <!-- teardown -->
      </class> <!-- ui.UISpeedTest -->
    </test> <!-- Search Test -->
  </suite> <!-- Default suite -->
</testng-results>
