<?xml version="1.0" encoding="UTF-8"?>
<!-- Generated by org.testng.reporters.JUnitXMLReporter -->
<testsuite ignored="0" hostname="LAPTOP-L2UM9ODI" failures="0" tests="3" name="Speed Test" time="63.508" errors="0" timestamp="2025-10-31T12:54:28 IST">
  <testcase classname="ui.UISpeedTest" name="verifyPrivacyButton" time="3.088"/>
  <testcase classname="ui.UISpeedTest" name="verifyInternetSpeed" time="2.232"/>
  <testcase classname="ui.UISpeedTest" name="verifySpeedTest" time="39.256"/>
</testsuite> <!-- Speed Test -->
